<?xml version="1.0" encoding="UTF-8" ?>
<testsuite failures="0" time="0.001" errors="0" skipped="0" tests="7" name="my.xml.ProgramManagerTest">
  <properties>
[...]
</properties>
  <testcase time="0" classname="my.xml.ProgramManagerTest" name="testSetMaxszam"/>
  <testcase time="0" classname="my.xml.ProgramManagerTest" name="testIsNumber"/>
  <testcase time="0" classname="my.xml.ProgramManagerTest" name="testSetUserName"/>
  <testcase time="0" classname="my.xml.ProgramManagerTest" name="testGetUserName"/>
  <testcase time="0" classname="my.xml.ProgramManagerTest" name="testGetMaxszam"/>
  <testcase time="0" classname="my.xml.ProgramManagerTest" name="testGetIdo"/>
  <testcase time="0.001" classname="my.xml.ProgramManagerTest" name="testSetIdo"/>
</testsuite>